<?xml version="1.0" encoding="UTF-8"?>
<!-- Generated by org.testng.reporters.JUnitReportReporter -->
<testsuite hostname="DESKTOP-K3COTAD" failures="0" tests="5" name="com.TestNGFramework.Basic1" time="0.020" errors="0" timestamp="2022-04-18T13:23:51 IST" skipped="0">
  <testcase classname="com.TestNGFramework.Basic1" name="mobilepasss" time="0.008"/>
  <system-out/>
  <testcase classname="com.TestNGFramework.Basic1" name="mobileLogOut" time="0.001"/>
  <system-out/>
  <testcase classname="com.TestNGFramework.Basic1" name="mobileLogin" time="0.009"/>
  <system-out/>
  <testcase classname="com.TestNGFramework.Basic1" name="loneHome" time="0.001"/>
  <system-out/>
  <testcase classname="com.TestNGFramework.Basic1" name="passsedaway" time="0.001"/>
  <system-out/>
</testsuite> <!-- com.TestNGFramework.Basic1 -->
